[debug] [2021-01-24T21:50:02.316Z] ----------------------------------------------------------------------
[debug] [2021-01-24T21:50:02.318Z] Command:       /usr/local/bin/node /Users/shreesh/.node_packages/bin/firebase init
[debug] [2021-01-24T21:50:02.318Z] CLI Version:   9.2.2
[debug] [2021-01-24T21:50:02.318Z] Platform:      darwin
[debug] [2021-01-24T21:50:02.318Z] Node Version:  v14.8.0
[debug] [2021-01-24T21:50:02.320Z] Time:          Mon Jan 25 2021 03:20:02 GMT+0530 (India Standard Time)
[debug] [2021-01-24T21:50:02.320Z] ----------------------------------------------------------------------
[debug] [2021-01-24T21:50:02.320Z] 
[debug] [2021-01-24T21:50:02.321Z] >>> [apiv2][query] GET https://firebase-public.firebaseio.com/cli.json [none]
[debug] [2021-01-24T21:50:02.338Z] > command requires scopes: ["email","openid","https://www.googleapis.com/auth/cloudplatformprojects.readonly","https://www.googleapis.com/auth/firebase","https://www.googleapis.com/auth/cloud-platform"]
[debug] [2021-01-24T21:50:02.339Z] > authorizing via signed-in user
[info] 
     ######## #### ########  ######## ########     ###     ######  ########
     ##        ##  ##     ## ##       ##     ##  ##   ##  ##       ##
     ######    ##  ########  ######   ########  #########  ######  ######
     ##        ##  ##    ##  ##       ##     ## ##     ##       ## ##
     ##       #### ##     ## ######## ########  ##     ##  ######  ########

You're about to initialize a Firebase project in this directory:

  /Users/shreesh/Documents/vue.js/icebreaker

[debug] [2021-01-24T21:50:04.975Z] <<< [apiv2][status] GET https://firebase-public.firebaseio.com/cli.json 200
[debug] [2021-01-24T21:50:04.975Z] <<< [apiv2][body] GET https://firebase-public.firebaseio.com/cli.json {"cloudBuildErrorAfter":1594252800000,"cloudBuildWarnAfter":1590019200000,"defaultNode10After":1594252800000,"minVersion":"3.0.5","node8DeploysDisabledAfter":1613390400000,"node8RuntimeDisabledAfter":1615809600000,"node8WarnAfter":1600128000000}
[info] 
=== Project Setup
[info] 
[info] First, let's associate this project directory with a Firebase project.
[info] You can create multiple project aliases by running firebase use --add, 
[info] but for now we'll just set up a default project.
[info] 
[debug] [2021-01-24T21:50:20.163Z] > refreshing access token with scopes: []
[debug] [2021-01-24T21:50:20.163Z] >>> HTTP REQUEST POST https://www.googleapis.com/oauth2/v3/token  
 <request body omitted>
[debug] [2021-01-24T21:50:20.596Z] <<< HTTP RESPONSE 200 {"cache-control":"no-cache, no-store, max-age=0, must-revalidate","pragma":"no-cache","expires":"Mon, 01 Jan 1990 00:00:00 GMT","date":"Sun, 24 Jan 2021 21:50:20 GMT","content-type":"application/json; charset=utf-8","vary":"X-Origin, Referer, Origin,Accept-Encoding","server":"scaffolding on HTTPServer2","x-xss-protection":"0","x-frame-options":"SAMEORIGIN","x-content-type-options":"nosniff","alt-svc":"h3-29=\":443\"; ma=2592000,h3-T051=\":443\"; ma=2592000,h3-Q050=\":443\"; ma=2592000,h3-Q046=\":443\"; ma=2592000,h3-Q043=\":443\"; ma=2592000,quic=\":443\"; ma=2592000; v=\"46,43\"","accept-ranges":"none","transfer-encoding":"chunked"}
[debug] [2021-01-24T21:50:20.628Z] >>> [apiv2][query] GET https://firebase.googleapis.com/v1beta1/projects pageSize=100
[debug] [2021-01-24T21:50:21.766Z] <<< [apiv2][status] GET https://firebase.googleapis.com/v1beta1/projects 200
[debug] [2021-01-24T21:50:21.766Z] <<< [apiv2][body] GET https://firebase.googleapis.com/v1beta1/projects [omitted]
[info] i  Using project icebreaker-ea20b (College Voyage) 
[info] 
=== Hosting Setup
[info] 
[info] Your public directory is the folder (relative to your project directory) that
[info] will contain Hosting assets to be uploaded with firebase deploy. If you
[info] have a build process for your assets, use your build's output directory.
[info] 
[debug] [2021-01-24T21:50:58.443Z] >>> [apiv2][query] GET https://www.gstatic.com/firebasejs/releases.json [none]
[debug] [2021-01-24T21:50:58.917Z] <<< [apiv2][status] GET https://www.gstatic.com/firebasejs/releases.json 200
[debug] [2021-01-24T21:50:58.917Z] <<< [apiv2][body] GET https://www.gstatic.com/firebasejs/releases.json {"current":{"version":"8.2.4","browserURL":"https://www.gstatic.com/firebasejs/8.2.4/firebase.js","packageURL":"https://www.gstatic.com/firebasejs/8.2.4/firebase.tgz"},"live":{"version":"8.2","browserURL":"https://www.gstatic.com/firebasejs/live/8.2/firebase.js","packageURL":"https://www.gstatic.com/firebasejs/live/8.2/firebase.tgz"},"components":{"analytics":"https://www.gstatic.com/firebasejs/8.2.4/firebase-analytics.js","app":"https://www.gstatic.com/firebasejs/8.2.4/firebase-app.js","auth":"https://www.gstatic.com/firebasejs/8.2.4/firebase-auth.js","database":"https://www.gstatic.com/firebasejs/8.2.4/firebase-database.js","firestore":"https://www.gstatic.com/firebasejs/8.2.4/firebase-firestore.js","functions":"https://www.gstatic.com/firebasejs/8.2.4/firebase-functions.js","installations":"https://www.gstatic.com/firebasejs/8.2.4/firebase-installations.js","messaging":"https://www.gstatic.com/firebasejs/8.2.4/firebase-messaging.js","storage":"https://www.gstatic.com/firebasejs/8.2.4/firebase-storage.js","performance":"https://www.gstatic.com/firebasejs/8.2.4/firebase-performance.js","remote-config":"https://www.gstatic.com/firebasejs/8.2.4/firebase-remote-config.js","firestore.memory":"https://www.gstatic.com/firebasejs/8.2.4/firebase-firestore.memory.js"}}
[info] ✔  Wrote dist/index.html 
[info] 
[info] i  Detected a .git folder at /Users/shreesh/Documents/vue.js/icebreaker 
[info] i  Authorizing with GitHub to upload your service account to a GitHub repository's secrets store. 
[info] 
[info] Visit this URL on this device to log in:
[info] https://github.com/login/oauth/authorize?client_id=89cf50f02ac6aaed3484&state=18359362&redirect_uri=http%3A%2F%2Flocalhost%3A9005&scope=read%3Auser%20repo%20public_repo
[info] 
[info] Waiting for authentication...
[debug] [2021-01-24T21:51:00.159Z] >>> HTTP REQUEST POST https://github.com/login/oauth/access_token  
 {"client_id":"89cf50f02ac6aaed3484","client_secret":"3330d14abc895d9a74d5f17cd7a00711fa2c5bf0","code":"ff6755a55aefa3fb89b3","redirect_uri":"http://localhost:9005","state":"18359362"}
[debug] [2021-01-24T21:51:01.490Z] <<< HTTP RESPONSE 200 {"date":"Sun, 24 Jan 2021 21:51:01 GMT","content-type":"application/json; charset=utf-8","transfer-encoding":"chunked","server":"GitHub.com","status":"200 OK","vary":"X-PJAX, Accept-Encoding, Accept, X-Requested-With, Accept-Encoding","etag":"W/\"e9ce456b487951bf8d7cb7c397f6c0b7\"","cache-control":"max-age=0, private, must-revalidate","strict-transport-security":"max-age=31536000; includeSubdomains; preload","x-frame-options":"deny","x-content-type-options":"nosniff","x-xss-protection":"1; mode=block","referrer-policy":"origin-when-cross-origin, strict-origin-when-cross-origin","expect-ct":"max-age=2592000, report-uri=\"https://api.github.com/_private/browser/errors\"","content-security-policy":"default-src 'none'; base-uri 'self'; block-all-mixed-content; connect-src 'self' uploads.github.com www.githubstatus.com collector.githubapp.com api.github.com github-cloud.s3.amazonaws.com github-production-repository-file-5c1aeb.s3.amazonaws.com github-production-upload-manifest-file-7fdce7.s3.amazonaws.com github-production-user-asset-6210df.s3.amazonaws.com cdn.optimizely.com logx.optimizely.com/v1/events wss://alive.github.com; font-src github.githubassets.com; form-action 'self' github.com gist.github.com; frame-ancestors 'none'; frame-src render.githubusercontent.com; img-src 'self' data: github.githubassets.com identicons.github.com collector.githubapp.com github-cloud.s3.amazonaws.com *.githubusercontent.com; manifest-src 'self'; media-src 'none'; script-src github.githubassets.com; style-src 'unsafe-inline' github.githubassets.com; worker-src github.com/socket-worker-5029ae85.js gist.github.com/socket-worker-5029ae85.js","x-github-request-id":"18FB:705F:1E6494:22B72C:600DEBC4"}
[debug] [2021-01-24T21:51:01.491Z] >>> [apiv2][query] GET https://api.github.com/user [none]
[debug] [2021-01-24T21:51:02.428Z] <<< [apiv2][status] GET https://api.github.com/user 200
[debug] [2021-01-24T21:51:02.428Z] <<< [apiv2][body] GET https://api.github.com/user {"login":"sgkul2000","id":47442612,"node_id":"MDQ6VXNlcjQ3NDQyNjEy","avatar_url":"https://avatars.githubusercontent.com/u/47442612?v=4","gravatar_id":"","url":"https://api.github.com/users/sgkul2000","html_url":"https://github.com/sgkul2000","followers_url":"https://api.github.com/users/sgkul2000/followers","following_url":"https://api.github.com/users/sgkul2000/following{/other_user}","gists_url":"https://api.github.com/users/sgkul2000/gists{/gist_id}","starred_url":"https://api.github.com/users/sgkul2000/starred{/owner}{/repo}","subscriptions_url":"https://api.github.com/users/sgkul2000/subscriptions","organizations_url":"https://api.github.com/users/sgkul2000/orgs","repos_url":"https://api.github.com/users/sgkul2000/repos","events_url":"https://api.github.com/users/sgkul2000/events{/privacy}","received_events_url":"https://api.github.com/users/sgkul2000/received_events","type":"User","site_admin":false,"name":"Shreesh Kulkarni","company":null,"blog":"https://www.codekulkarni.com","location":"Belgaum / Mysore","email":"sgkul2000@gmail.com","hireable":true,"bio":"An ambitious programmer.","twitter_username":"sgkul2000","public_repos":41,"public_gists":0,"followers":21,"following":30,"created_at":"2019-02-08T06:25:03Z","updated_at":"2021-01-24T14:37:42Z","private_gists":1,"total_private_repos":2,"owned_private_repos":2,"disk_usage":270639,"collaborators":2,"two_factor_authentication":false,"plan":{"name":"pro","space":976562499,"collaborators":0,"private_repos":9999}}
[info] 
[info] ✔  Success! Logged into GitHub as sgkul2000 
[info] 
